
11/09/2019;13:07:52;Modification du paramètre popup_simplifiee
11/09/2019;13:07:52;Anciennes données : Indique si la popup ne doit afficher que les messages enregistrés en base  (0:'Non' 1:'Oui') [ 1 ]
11/09/2019;13:07:52;Nouvelles données : Indique si la popup ne doit afficher que les messages enregistrés en base  (0:\'Non\' 1:\'Oui\') [ 0 ]
11/09/2019;15:13:04;Modification du paramètre admin_ecart_max
11/09/2019;15:13:04;Anciennes données : Compte administrateur : Nombre de jours maximum de la période [ 90 ]
11/09/2019;15:13:04;Nouvelles données : Compte administrateur : Nombre de jours maximum de la période [ 390 ]
12/09/2019;16:44:08;Modification du paramètre limitation_export_sql_graphique
12/09/2019;16:44:08;Anciennes données : Limitation sql du nombre de lignes autorisées lors de l'exportation des données graphiques [ 200000 ]
12/09/2019;16:44:08;Nouvelles données : Limitation sql du nombre de lignes autorisées lors de l\'exportation des données graphiques [ 90 ]
12/09/2019;16:45:23;Modification du paramètre limitation_excel_graphique
12/09/2019;16:45:23;Anciennes données : Limitation du nombre de lignes autorisées dans les fichiers excel lors des impressions des données graphiques [ 500000 ]
12/09/2019;16:45:23;Nouvelles données : Limitation du nombre de lignes autorisées dans les fichiers excel lors des impressions des données graphiques [ 90 ]
12/09/2019;16:45:55;Modification du paramètre limitation_excel_listing
12/09/2019;16:45:55;Anciennes données : Limitation du nombre de lignes autorisées dans les fichiers excel lors des impressions des données de listing [ 200000 ]
12/09/2019;16:45:55;Nouvelles données : Limitation du nombre de lignes autorisées dans les fichiers excel lors des impressions des données de listing [ 90 ]
12/09/2019;16:51:08;Modification du paramètre limitation_export_sql_listing
12/09/2019;16:51:08;Anciennes données : Limitation sql du nombre de lignes autorisées lors de l'exportation des données de listing [ 200000 ]
12/09/2019;16:51:08;Nouvelles données : Limitation sql du nombre de lignes autorisées lors de l\'exportation des données de listing [ 40 ]
12/09/2019;16:51:23;Modification du paramètre limitation_export_sql_graphique
12/09/2019;16:51:23;Anciennes données : Limitation sql du nombre de lignes autorisées lors de l'exportation des données graphiques [ 90 ]
12/09/2019;16:51:23;Nouvelles données : Limitation sql du nombre de lignes autorisées lors de l\'exportation des données graphiques [ 40 ]
12/09/2019;16:51:36;Modification du paramètre limitation_excel_listing
12/09/2019;16:51:36;Anciennes données : Limitation du nombre de lignes autorisées dans les fichiers excel lors des impressions des données de listing [ 90 ]
12/09/2019;16:51:36;Nouvelles données : Limitation du nombre de lignes autorisées dans les fichiers excel lors des impressions des données de listing [ 40 ]
20/09/2019;12:03:28;Modification du paramètre nb_jours_nb_db_donnees
20/09/2019;12:03:28;Anciennes données : Nombre de jours pour la recherche du nombre de données dans la table t_donnee [ 3 ]
20/09/2019;12:03:28;Nouvelles données : Nombre de jours pour la recherche du nombre de données dans la table t_donnee [ 5 ]
20/09/2019;12:04:50;Modification du paramètre nb_jours_nb_db_donnees
20/09/2019;12:04:50;Anciennes données : Nombre de jours pour la recherche du nombre de données dans la table t_donnee [ 5 ]
20/09/2019;12:04:50;Nouvelles données : Nombre de jours pour la recherche du nombre de données dans la table t_donnee [ 6 ]
20/09/2019;12:06:06;Modification du paramètre nb_jours_nb_db_donnees
20/09/2019;12:06:06;Anciennes données : Nombre de jours pour la recherche du nombre de données dans la table t_donnee [ 6 ]
20/09/2019;12:06:06;Nouvelles données : Nombre de jours pour la recherche du nombre de données dans la table t_donnee [ 6 ]
20/09/2019;12:06:19;Modification du paramètre nb_jours_nb_db_donnees
20/09/2019;12:06:19;Anciennes données : Nombre de jours pour la recherche du nombre de données dans la table t_donnee [ 6 ]
20/09/2019;12:06:19;Nouvelles données : Nombre de jours pour la recherche du nombre de données dans la table t_donnee [ 6 ]
20/09/2019;12:06:42;Modification du paramètre nb_jours_nb_db_donnees
20/09/2019;12:06:42;Anciennes données : Nombre de jours pour la recherche du nombre de données dans la table t_donnee [ 6 ]
20/09/2019;12:06:42;Nouvelles données : Nombre de jours pour la recherche du nombre de données dans la table t_donnee [ 5 ]
20/09/2019;12:08:09;Modification du paramètre nb_jours_nb_db_donnees
20/09/2019;12:08:09;Anciennes données : Nombre de jours pour la recherche du nombre de données dans la table t_donnee [ 5 ]
20/09/2019;12:08:09;Nouvelles données : Nombre de jours pour la recherche du nombre de données dans la table t_donnee [ 5 ]
20/09/2019;12:08:16;Modification du paramètre nb_jours_nb_db_donnees
20/09/2019;12:08:16;Anciennes données : Nombre de jours pour la recherche du nombre de données dans la table t_donnee [ 5 ]
20/09/2019;12:08:16;Nouvelles données : Nombre de jours pour la recherche du nombre de données dans la table t_donnee [ 5 ]
20/09/2019;12:09:16;Modification du paramètre nb_jours_nb_db_donnees
20/09/2019;12:09:16;Anciennes données : Nombre de jours pour la recherche du nombre de données dans la table t_donnee [ 5 ]
20/09/2019;12:09:16;Nouvelles données : Nombre de jours pour la recherche du nombre de données dans la table t_donnee [ 5 ]
20/09/2019;12:09:32;Modification du paramètre nb_jours_nb_db_donnees
20/09/2019;12:09:32;Anciennes données : Nombre de jours pour la recherche du nombre de données dans la table t_donnee [ 5 ]
20/09/2019;12:09:32;Nouvelles données : Nombre de jours pour la recherche du nombre de données dans la table t_donnee6 [ 6 ]
20/09/2019;12:10:47;Modification du paramètre nb_jours_nb_db_donnees
20/09/2019;12:10:47;Anciennes données : Nombre de jours pour la recherche du nombre de données dans la table t_donnee6 [ 6 ]
20/09/2019;12:10:47;Nouvelles données : Nombre de jours pour la recherche du nombre de données dans la table t_donnee6 [ 6 ]
20/09/2019;12:11:04;Modification du paramètre nb_jours_nb_db_donnees
20/09/2019;12:11:04;Anciennes données : Nombre de jours pour la recherche du nombre de données dans la table t_donnee6 [ 6 ]
20/09/2019;12:11:04;Nouvelles données : Nombre de jours pour la recherche du nombre de données dans la table t_donnee6 [ 6 ]
20/09/2019;12:11:47;Modification du paramètre live_nb_mois
20/09/2019;12:11:47;Anciennes données : La recherche Live des événements portera sur ces X derniers mois [ 6 ]
20/09/2019;12:11:47;Nouvelles données : La recherche Live des événements portera sur ces X derniers mois [ 4 ]
20/09/2019;12:18:22;Modification du paramètre nb_jours_nb_db_donnees
20/09/2019;12:18:22;Anciennes données : Nombre de jours pour la recherche du nombre de données dans la table t_donnee6 [ 6 ]
20/09/2019;12:18:22;Nouvelles données : Nombre de jours pour la recherche du nombre de données dans la table t_donnee6 [ 4 ]
20/09/2019;12:18:42;Modification du paramètre nb_jours_nb_db_donnees
20/09/2019;12:18:42;Anciennes données : Nombre de jours pour la recherche du nombre de données dans la table t_donnee6 [ 4 ]
20/09/2019;12:18:42;Nouvelles données : Nombre de jours pour la recherche du nombre de données dans la table t_donnee6 [ 5 ]
20/09/2019;12:20:49;Modification du paramètre nb_jours_nb_db_donnees
20/09/2019;12:20:49;Anciennes données : Nombre de jours pour la recherche du nombre de données dans la table t_donnee6 [ 5 ]
20/09/2019;12:20:49;Nouvelles données : Nombre de jours pour la recherche du nombre de données dans la table t_donnee6 [ 5 ]
20/09/2019;12:21:02;Modification du paramètre nb_jours_nb_db_donnees
20/09/2019;12:21:02;Anciennes données : Nombre de jours pour la recherche du nombre de données dans la table t_donnee6 [ 5 ]
20/09/2019;12:21:02;Nouvelles données : Nombre de jours pour la recherche du nombre de données dans la table t_donnee6 [ 5 ]
20/09/2019;12:21:48;Modification du paramètre nb_jours_nb_db_donnees
20/09/2019;12:21:48;Anciennes données : Nombre de jours pour la recherche du nombre de données dans la table t_donnee6 [ 5 ]
20/09/2019;12:21:48;Nouvelles données : Nombre de jours pour la recherche du nombre de données dans la table t_donnee6 [ 6 ]
20/09/2019;12:22:23;Modification du paramètre nb_jours_nb_db_donnees
20/09/2019;12:22:23;Anciennes données : Nombre de jours pour la recherche du nombre de données dans la table t_donnee6 [ 6 ]
20/09/2019;12:22:23;Nouvelles données : Nombre de jours pour la recherche du nombre de données dans la table t_donnee6 [ 5 ]
